


--------------------------------------
DOCK v6.9

Released November 2018
Copyright UCSF
--------------------------------------


Conformational Sampling Parameters
------------------------------------------------------------------------------------------
conformer_search_type                                        flex
write_fragment_libraries                                     no

Anchor & Grow Parameters
------------------------------------------------------------------------------------------
user_specified_anchor                                        no
limit_max_anchors                                            no
min_anchor_size                                              5
pruning_use_clustering                                       yes
pruning_max_orients                                          1000
pruning_clustering_cutoff                                    100
pruning_conformer_score_cutoff                               100.0
pruning_conformer_score_scaling_factor                       1.0
use_clash_overlap                                            no
write_growth_tree                                            no

Internal Energy Parameters
------------------------------------------------------------------------------------------
use_internal_energy                                          yes
internal_energy_rep_exp                                      12
internal_energy_cutoff                                       100.0
Note: Internal energy only includes repulsive VDW for growth and/or minimization.

Molecule Library Input Parameters
------------------------------------------------------------------------------------------
ligand_atom_file                                             ../004.energy_min/6LU7.lig.min_scored.mol2
limit_max_ligands                                            no
skip_molecule                                                no
read_mol_solvation                                           no
calculate_rmsd                                               yes
use_rmsd_reference_mol                                       yes
rmsd_reference_filename                                      ../004.energy_min/6LU7.lig.min_scored.mol2

Database Filter Parameters
------------------------------------------------------------------------------------------
use_database_filter                                          no

Orient Ligand Parameters
------------------------------------------------------------------------------------------
orient_ligand                                                yes
automated_matching                                           yes
receptor_site_file                                           ../002.surface_spheres/selected_spheres.sph
max_orientations                                             1000
critical_points                                              no
chemical_matching                                            no
use_ligand_spheres                                           no

Bump Filter Parameters
------------------------------------------------------------------------------------------
bump_filter                                                  no

Master Score Parameters
------------------------------------------------------------------------------------------
score_molecules                                              yes

Contact Score Parameters
------------------------------------------------------------------------------------------
contact_score_primary                                        no
contact_score_secondary                                      no

Grid Score Parameters
------------------------------------------------------------------------------------------
grid_score_primary                                           yes
grid_score_secondary                                         no
grid_score_rep_rad_scale                                     1
grid_score_vdw_scale                                         1
grid_score_es_scale                                          1
grid_score_grid_prefix                                       ../003.gridbox/grid

MultiGrid Score Parameters
------------------------------------------------------------------------------------------
multigrid_score_secondary                                    no

Dock3.5 Score Parameters
------------------------------------------------------------------------------------------
dock3.5_score_secondary                                      no

Continuous Energy Score Parameters
------------------------------------------------------------------------------------------
continuous_score_secondary                                   no

Footprint Similarity Score Parameters
------------------------------------------------------------------------------------------
footprint_similarity_score_secondary                         no

Pharmacophore Similarity Score Parameters
------------------------------------------------------------------------------------------
pharmacophore_score_secondary                                no

Descriptor Score Parameters
------------------------------------------------------------------------------------------
descriptor_score_secondary                                   no

Zou GB/SA Score Parameters
------------------------------------------------------------------------------------------
gbsa_zou_score_secondary                                     no

Hawkins GB/SA Score Parameters
------------------------------------------------------------------------------------------
gbsa_hawkins_score_secondary                                 no

SASA Score Parameters
------------------------------------------------------------------------------------------
SASA_score_secondary                                         no

Amber Score Parameters
------------------------------------------------------------------------------------------
amber_score_secondary                                        no

Note: No secondary scoring function selected.


Simplex Minimization Parameters
------------------------------------------------------------------------------------------
minimize_ligand                                              yes
minimize_anchor                                              yes
minimize_flexible_growth                                     yes
use_advanced_simplex_parameters                              no
simplex_max_cycles                                           1
simplex_score_converge                                       0.1
simplex_cycle_converge                                       1.0
simplex_trans_step                                           1.0
simplex_rot_step                                             0.1
simplex_tors_step                                            10.0
simplex_anchor_max_iterations                                500
simplex_grow_max_iterations                                  500
simplex_grow_tors_premin_iterations                          0
simplex_random_seed                                          0
simplex_restraint_min                                        no

Atom Typing Parameters
------------------------------------------------------------------------------------------
atom_model                                                   all
vdw_defn_file                                                /apps/dock6/parameters/vdw_AMBER_parm99.defn
flex_defn_file                                               /apps/dock6/parameters/flex.defn
flex_drive_file                                              /apps/dock6/parameters/flex_drive.tbl

Molecule Library Output Parameters
------------------------------------------------------------------------------------------
ligand_outfile_prefix                                        flex.out
write_orientations                                           no
num_scored_conformers                                        1
rank_ligands                                                 no
------------------------------------------------------------------------------------------

Initializing Conformer Generator Routines...
Initializing Library File Routines...
Initializing Orienting Routines...
Initializing Grid Score Routines...
 Reading the energy grid from ../003.gridbox/grid.nrg
 Done reading the energy grid.
 Reading the grid box quantifiers from ../003.gridbox/grid.bmp
 Done reading the grid box quantifiers.

-----------------------------------
Molecule: 6lu7.pdb

 Elapsed time for docking:	332 seconds

 Anchors:		3
 Orientations:		3000
 Conformations:		317

                          Grid_Score:          -98.285011
                     Grid_vdw_energy:          -91.672707
                      Grid_es_energy:           -6.612302
           Internal_energy_repulsive:           33.002808


1 Molecules Processed
Total elapsed time:	332 seconds
